mode: atomic
github.com/madsilver/task-manager/cmd/api/main.go:13.13,26.2 4 0
github.com/madsilver/task-manager/cmd/worker/main.go:10.13,16.2 3 0
github.com/madsilver/task-manager/internal/adapter/core/mock/core.go:29.67,33.2 3 0
github.com/madsilver/task-manager/internal/adapter/core/mock/core.go:36.65,38.2 1 0
github.com/madsilver/task-manager/internal/adapter/core/mock/core.go:41.62,46.2 4 0
github.com/madsilver/task-manager/internal/adapter/core/mock/core.go:49.81,52.2 2 0
github.com/madsilver/task-manager/internal/adapter/core/mock/core.go:55.106,61.2 5 0
github.com/madsilver/task-manager/internal/adapter/core/mock/core.go:64.87,67.2 2 0
github.com/madsilver/task-manager/internal/adapter/core/mock/core.go:70.62,75.2 4 0
github.com/madsilver/task-manager/internal/adapter/core/mock/core.go:78.81,81.2 2 0
github.com/madsilver/task-manager/internal/adapter/core/mock/core.go:84.80,90.2 5 0
github.com/madsilver/task-manager/internal/adapter/core/mock/core.go:93.83,96.2 2 0
github.com/madsilver/task-manager/internal/adapter/core/mock/core.go:99.79,105.2 5 0
github.com/madsilver/task-manager/internal/adapter/core/mock/core.go:108.80,111.2 2 0
github.com/madsilver/task-manager/internal/adapter/core/mock/core.go:114.63,119.2 4 0
github.com/madsilver/task-manager/internal/adapter/core/mock/core.go:122.82,125.2 2 0
github.com/madsilver/task-manager/internal/adapter/core/mock/core.go:139.71,143.2 3 0
github.com/madsilver/task-manager/internal/adapter/core/mock/core.go:146.69,148.2 1 0
github.com/madsilver/task-manager/internal/adapter/core/mock/core.go:151.38,154.2 2 0
github.com/madsilver/task-manager/internal/adapter/core/mock/core.go:157.64,160.2 2 0
github.com/madsilver/task-manager/internal/adapter/core/mock/core.go:174.57,178.2 3 0
github.com/madsilver/task-manager/internal/adapter/core/mock/core.go:181.55,183.2 1 0
github.com/madsilver/task-manager/internal/adapter/core/mock/core.go:186.32,189.2 2 0
github.com/madsilver/task-manager/internal/adapter/core/mock/core.go:192.58,195.2 2 0
github.com/madsilver/task-manager/internal/adapter/core/mock/core.go:198.70,203.2 4 0
github.com/madsilver/task-manager/internal/adapter/core/mock/core.go:206.79,209.2 2 0
github.com/madsilver/task-manager/internal/adapter/core/mock/core.go:223.73,227.2 3 0
github.com/madsilver/task-manager/internal/adapter/core/mock/core.go:230.71,232.2 1 0
github.com/madsilver/task-manager/internal/adapter/core/mock/core.go:235.62,240.2 4 0
github.com/madsilver/task-manager/internal/adapter/core/mock/core.go:243.81,246.2 2 0
github.com/madsilver/task-manager/internal/adapter/core/mock/core.go:249.51,254.2 4 0
github.com/madsilver/task-manager/internal/adapter/core/mock/core.go:257.79,260.2 2 0
github.com/madsilver/task-manager/internal/adapter/core/mock/core.go:263.72,269.2 5 0
github.com/madsilver/task-manager/internal/adapter/core/mock/core.go:272.82,275.2 2 0
github.com/madsilver/task-manager/internal/adapter/core/mock/core.go:278.71,284.2 5 0
github.com/madsilver/task-manager/internal/adapter/core/mock/core.go:287.83,290.2 2 0
github.com/madsilver/task-manager/internal/adapter/core/mock/core.go:293.62,298.2 4 0
github.com/madsilver/task-manager/internal/adapter/core/mock/core.go:301.81,304.2 2 0
github.com/madsilver/task-manager/internal/adapter/core/mock/core.go:318.49,322.2 3 0
github.com/madsilver/task-manager/internal/adapter/core/mock/core.go:325.47,327.2 1 0
github.com/madsilver/task-manager/internal/adapter/core/mock/core.go:330.55,335.2 4 0
github.com/madsilver/task-manager/internal/adapter/core/mock/core.go:338.76,341.2 2 0
github.com/madsilver/task-manager/internal/adapter/core/mock/core.go:344.89,349.2 4 0
github.com/madsilver/task-manager/internal/adapter/core/mock/core.go:352.79,355.2 2 0
github.com/madsilver/task-manager/internal/adapter/core/mock/core.go:358.92,363.2 4 0
github.com/madsilver/task-manager/internal/adapter/core/mock/core.go:366.82,369.2 2 0
github.com/madsilver/task-manager/internal/adapter/core/mock/core.go:372.63,375.25 3 0
github.com/madsilver/task-manager/internal/adapter/core/mock/core.go:375.25,377.3 1 0
github.com/madsilver/task-manager/internal/adapter/core/mock/core.go:378.2,381.19 4 0
github.com/madsilver/task-manager/internal/adapter/core/mock/core.go:385.89,389.2 3 0
github.com/madsilver/task-manager/internal/adapter/core/mock/core.go:392.58,395.25 3 0
github.com/madsilver/task-manager/internal/adapter/core/mock/core.go:395.25,397.3 1 0
github.com/madsilver/task-manager/internal/adapter/core/mock/core.go:398.2,400.13 3 0
github.com/madsilver/task-manager/internal/adapter/core/mock/core.go:404.91,408.2 3 0
github.com/madsilver/task-manager/docs/docs.go:446.13,448.2 1 0
github.com/madsilver/task-manager/internal/adapter/service/notify.go:9.62,13.2 1 0
github.com/madsilver/task-manager/internal/adapter/service/notify.go:15.34,17.2 1 0
github.com/madsilver/task-manager/internal/adapter/service/task.go:19.90,24.2 1 0
github.com/madsilver/task-manager/internal/adapter/service/task.go:26.75,28.37 2 0
github.com/madsilver/task-manager/internal/adapter/service/task.go:28.37,30.3 1 0
github.com/madsilver/task-manager/internal/adapter/service/task.go:31.2,31.34 1 0
github.com/madsilver/task-manager/internal/adapter/service/task.go:34.76,37.2 2 0
github.com/madsilver/task-manager/internal/adapter/service/task.go:39.102,45.2 2 0
github.com/madsilver/task-manager/internal/adapter/service/task.go:47.59,49.2 1 0
github.com/madsilver/task-manager/internal/adapter/service/task.go:51.58,54.2 2 0
github.com/madsilver/task-manager/internal/adapter/service/task.go:56.58,60.16 4 0
github.com/madsilver/task-manager/internal/adapter/service/task.go:60.16,62.3 1 0
github.com/madsilver/task-manager/internal/adapter/service/task.go:64.2,64.12 1 0
github.com/madsilver/task-manager/internal/adapter/service/task.go:64.12,66.3 1 0
github.com/madsilver/task-manager/internal/adapter/service/task.go:68.2,68.12 1 0
github.com/madsilver/task-manager/internal/adapter/service/task.go:71.61,74.16 3 0
github.com/madsilver/task-manager/internal/adapter/service/task.go:74.16,76.3 1 0
github.com/madsilver/task-manager/internal/adapter/service/task.go:77.2,77.8 1 0
github.com/madsilver/task-manager/internal/infra/db/mysql.go:15.100,19.31 3 0
github.com/madsilver/task-manager/internal/infra/db/mysql.go:19.31,21.3 1 0
github.com/madsilver/task-manager/internal/infra/db/mysql.go:21.8,23.3 1 0
github.com/madsilver/task-manager/internal/infra/db/mysql.go:24.2,24.16 1 0
github.com/madsilver/task-manager/internal/infra/db/mysql.go:24.16,26.3 1 0
github.com/madsilver/task-manager/internal/infra/db/mysql.go:28.2,28.18 1 0
github.com/madsilver/task-manager/internal/infra/db/mysql.go:28.18,30.17 2 0
github.com/madsilver/task-manager/internal/infra/db/mysql.go:30.17,32.4 1 0
github.com/madsilver/task-manager/internal/infra/db/mysql.go:35.2,35.12 1 0
github.com/madsilver/task-manager/internal/infra/db/mysql.go:38.103,40.22 2 0
github.com/madsilver/task-manager/internal/infra/db/mysql.go:40.22,42.3 1 0
github.com/madsilver/task-manager/internal/infra/db/mysql.go:44.2,45.16 2 0
github.com/madsilver/task-manager/internal/infra/db/mysql.go:45.16,47.3 1 0
github.com/madsilver/task-manager/internal/infra/db/mysql.go:49.2,49.12 1 0
github.com/madsilver/task-manager/internal/infra/db/mysql.go:52.64,54.16 2 0
github.com/madsilver/task-manager/internal/infra/db/mysql.go:54.16,56.3 1 0
github.com/madsilver/task-manager/internal/infra/db/mysql.go:57.2,57.30 1 0
github.com/madsilver/task-manager/internal/infra/db/mysql.go:60.59,62.16 2 0
github.com/madsilver/task-manager/internal/infra/db/mysql.go:62.16,64.3 1 0
github.com/madsilver/task-manager/internal/infra/db/mysql.go:65.2,65.12 1 0
github.com/madsilver/task-manager/internal/infra/db/mysql.go:68.56,70.16 2 0
github.com/madsilver/task-manager/internal/infra/db/mysql.go:70.16,72.3 1 0
github.com/madsilver/task-manager/internal/infra/db/mysql.go:73.2,73.12 1 0
github.com/madsilver/task-manager/internal/infra/db/mysql.go:76.28,78.16 2 0
github.com/madsilver/task-manager/internal/infra/db/mysql.go:78.16,79.21 1 0
github.com/madsilver/task-manager/internal/infra/db/mysql.go:82.2,82.36 1 0
github.com/madsilver/task-manager/internal/infra/db/mysql.go:82.36,83.21 1 0
github.com/madsilver/task-manager/internal/infra/db/mysql.go:86.2,92.3 4 0
github.com/madsilver/task-manager/internal/infra/db/mysql.go:95.22,102.2 1 0
github.com/madsilver/task-manager/internal/infra/broker/rabbitmq.go:17.30,19.16 2 0
github.com/madsilver/task-manager/internal/infra/broker/rabbitmq.go:19.16,21.3 1 0
github.com/madsilver/task-manager/internal/infra/broker/rabbitmq.go:23.2,24.16 2 0
github.com/madsilver/task-manager/internal/infra/broker/rabbitmq.go:24.16,26.3 1 0
github.com/madsilver/task-manager/internal/infra/broker/rabbitmq.go:28.2,29.16 2 0
github.com/madsilver/task-manager/internal/infra/broker/rabbitmq.go:29.16,31.3 1 0
github.com/madsilver/task-manager/internal/infra/broker/rabbitmq.go:33.2,37.3 2 0
github.com/madsilver/task-manager/internal/infra/broker/rabbitmq.go:40.68,43.16 3 0
github.com/madsilver/task-manager/internal/infra/broker/rabbitmq.go:43.16,46.3 2 0
github.com/madsilver/task-manager/internal/infra/broker/rabbitmq.go:47.2,47.12 1 0
github.com/madsilver/task-manager/internal/infra/broker/rabbitmq.go:50.30,52.16 2 0
github.com/madsilver/task-manager/internal/infra/broker/rabbitmq.go:52.16,54.3 1 0
github.com/madsilver/task-manager/internal/infra/broker/rabbitmq.go:56.2,57.16 2 0
github.com/madsilver/task-manager/internal/infra/broker/rabbitmq.go:57.16,59.3 1 0
github.com/madsilver/task-manager/internal/infra/broker/rabbitmq.go:61.2,63.12 2 0
github.com/madsilver/task-manager/internal/infra/broker/rabbitmq.go:63.12,64.25 1 0
github.com/madsilver/task-manager/internal/infra/broker/rabbitmq.go:64.25,67.4 2 0
github.com/madsilver/task-manager/internal/infra/broker/rabbitmq.go:70.2,70.11 1 0
github.com/madsilver/task-manager/internal/infra/broker/rabbitmq.go:73.22,79.2 1 0
github.com/madsilver/task-manager/internal/adapter/presenter/error_response.go:10.67,12.20 2 5
github.com/madsilver/task-manager/internal/adapter/presenter/error_response.go:12.20,14.3 1 3
github.com/madsilver/task-manager/internal/adapter/presenter/error_response.go:16.2,16.22 1 5
github.com/madsilver/task-manager/internal/adapter/presenter/error_response.go:16.22,18.3 1 1
github.com/madsilver/task-manager/internal/adapter/presenter/error_response.go:20.2,20.10 1 5
github.com/madsilver/task-manager/internal/adapter/presenter/error_response.go:23.44,25.2 1 1
github.com/madsilver/task-manager/internal/adapter/presenter/populate.go:5.43,11.21 2 1
github.com/madsilver/task-manager/internal/adapter/presenter/populate.go:11.21,13.3 1 1
github.com/madsilver/task-manager/internal/adapter/presenter/populate.go:14.2,14.13 1 1
github.com/madsilver/task-manager/internal/adapter/presenter/populate.go:17.53,19.31 2 1
github.com/madsilver/task-manager/internal/adapter/presenter/populate.go:19.31,21.3 1 1
github.com/madsilver/task-manager/internal/adapter/presenter/populate.go:22.2,22.14 1 1
github.com/madsilver/task-manager/internal/infra/server/middleware/validator.go:11.41,15.2 1 0
github.com/madsilver/task-manager/internal/infra/server/middleware/validator.go:17.49,19.2 1 0
github.com/madsilver/task-manager/internal/adapter/core/mock/core.go:29.67,33.2 3 0
github.com/madsilver/task-manager/internal/adapter/core/mock/core.go:36.65,38.2 1 0
github.com/madsilver/task-manager/internal/adapter/core/mock/core.go:41.62,46.2 4 0
github.com/madsilver/task-manager/internal/adapter/core/mock/core.go:49.81,52.2 2 0
github.com/madsilver/task-manager/internal/adapter/core/mock/core.go:55.106,61.2 5 0
github.com/madsilver/task-manager/internal/adapter/core/mock/core.go:64.87,67.2 2 0
github.com/madsilver/task-manager/internal/adapter/core/mock/core.go:70.62,75.2 4 0
github.com/madsilver/task-manager/internal/adapter/core/mock/core.go:78.81,81.2 2 0
github.com/madsilver/task-manager/internal/adapter/core/mock/core.go:84.80,90.2 5 0
github.com/madsilver/task-manager/internal/adapter/core/mock/core.go:93.83,96.2 2 0
github.com/madsilver/task-manager/internal/adapter/core/mock/core.go:99.79,105.2 5 0
github.com/madsilver/task-manager/internal/adapter/core/mock/core.go:108.80,111.2 2 0
github.com/madsilver/task-manager/internal/adapter/core/mock/core.go:114.63,119.2 4 0
github.com/madsilver/task-manager/internal/adapter/core/mock/core.go:122.82,125.2 2 0
github.com/madsilver/task-manager/internal/adapter/core/mock/core.go:139.71,143.2 3 0
github.com/madsilver/task-manager/internal/adapter/core/mock/core.go:146.69,148.2 1 0
github.com/madsilver/task-manager/internal/adapter/core/mock/core.go:151.38,154.2 2 0
github.com/madsilver/task-manager/internal/adapter/core/mock/core.go:157.64,160.2 2 0
github.com/madsilver/task-manager/internal/adapter/core/mock/core.go:174.57,178.2 3 0
github.com/madsilver/task-manager/internal/adapter/core/mock/core.go:181.55,183.2 1 0
github.com/madsilver/task-manager/internal/adapter/core/mock/core.go:186.32,189.2 2 0
github.com/madsilver/task-manager/internal/adapter/core/mock/core.go:192.58,195.2 2 0
github.com/madsilver/task-manager/internal/adapter/core/mock/core.go:198.70,203.2 4 0
github.com/madsilver/task-manager/internal/adapter/core/mock/core.go:206.79,209.2 2 0
github.com/madsilver/task-manager/internal/adapter/core/mock/core.go:223.73,227.2 3 0
github.com/madsilver/task-manager/internal/adapter/core/mock/core.go:230.71,232.2 1 0
github.com/madsilver/task-manager/internal/adapter/core/mock/core.go:235.62,240.2 4 0
github.com/madsilver/task-manager/internal/adapter/core/mock/core.go:243.81,246.2 2 0
github.com/madsilver/task-manager/internal/adapter/core/mock/core.go:249.51,254.2 4 0
github.com/madsilver/task-manager/internal/adapter/core/mock/core.go:257.79,260.2 2 0
github.com/madsilver/task-manager/internal/adapter/core/mock/core.go:263.72,269.2 5 0
github.com/madsilver/task-manager/internal/adapter/core/mock/core.go:272.82,275.2 2 0
github.com/madsilver/task-manager/internal/adapter/core/mock/core.go:278.71,284.2 5 0
github.com/madsilver/task-manager/internal/adapter/core/mock/core.go:287.83,290.2 2 0
github.com/madsilver/task-manager/internal/adapter/core/mock/core.go:293.62,298.2 4 0
github.com/madsilver/task-manager/internal/adapter/core/mock/core.go:301.81,304.2 2 0
github.com/madsilver/task-manager/internal/adapter/core/mock/core.go:318.49,322.2 3 6
github.com/madsilver/task-manager/internal/adapter/core/mock/core.go:325.47,327.2 1 6
github.com/madsilver/task-manager/internal/adapter/core/mock/core.go:330.55,335.2 4 1
github.com/madsilver/task-manager/internal/adapter/core/mock/core.go:338.76,341.2 2 1
github.com/madsilver/task-manager/internal/adapter/core/mock/core.go:344.89,349.2 4 1
github.com/madsilver/task-manager/internal/adapter/core/mock/core.go:352.79,355.2 2 1
github.com/madsilver/task-manager/internal/adapter/core/mock/core.go:358.92,363.2 4 1
github.com/madsilver/task-manager/internal/adapter/core/mock/core.go:366.82,369.2 2 1
github.com/madsilver/task-manager/internal/adapter/core/mock/core.go:372.63,375.25 3 2
github.com/madsilver/task-manager/internal/adapter/core/mock/core.go:375.25,377.3 1 4
github.com/madsilver/task-manager/internal/adapter/core/mock/core.go:378.2,381.19 4 2
github.com/madsilver/task-manager/internal/adapter/core/mock/core.go:385.89,389.2 3 2
github.com/madsilver/task-manager/internal/adapter/core/mock/core.go:392.58,395.25 3 1
github.com/madsilver/task-manager/internal/adapter/core/mock/core.go:395.25,397.3 1 3
github.com/madsilver/task-manager/internal/adapter/core/mock/core.go:398.2,400.13 3 1
github.com/madsilver/task-manager/internal/adapter/core/mock/core.go:404.91,408.2 3 1
github.com/madsilver/task-manager/internal/adapter/repository/mysql/task.go:12.56,16.2 1 6
github.com/madsilver/task-manager/internal/adapter/repository/mysql/task.go:18.68,20.17 2 1
github.com/madsilver/task-manager/internal/adapter/repository/mysql/task.go:20.17,22.3 1 1
github.com/madsilver/task-manager/internal/adapter/repository/mysql/task.go:23.2,24.74 2 1
github.com/madsilver/task-manager/internal/adapter/repository/mysql/task.go:24.74,27.17 3 1
github.com/madsilver/task-manager/internal/adapter/repository/mysql/task.go:27.17,29.4 1 1
github.com/madsilver/task-manager/internal/adapter/repository/mysql/task.go:30.3,30.13 1 1
github.com/madsilver/task-manager/internal/adapter/repository/mysql/task.go:32.2,32.19 1 1
github.com/madsilver/task-manager/internal/adapter/repository/mysql/task.go:35.67,38.77 3 1
github.com/madsilver/task-manager/internal/adapter/repository/mysql/task.go:38.77,40.3 1 1
github.com/madsilver/task-manager/internal/adapter/repository/mysql/task.go:41.2,41.18 1 1
github.com/madsilver/task-manager/internal/adapter/repository/mysql/task.go:44.58,47.16 3 2
github.com/madsilver/task-manager/internal/adapter/repository/mysql/task.go:47.16,49.3 1 1
github.com/madsilver/task-manager/internal/adapter/repository/mysql/task.go:50.2,51.12 2 1
github.com/madsilver/task-manager/internal/adapter/repository/mysql/task.go:54.58,57.2 2 1
github.com/madsilver/task-manager/internal/adapter/repository/mysql/task.go:59.47,62.2 2 1
github.com/madsilver/task-manager/internal/infra/env/env.go:13.56,15.15 2 2
github.com/madsilver/task-manager/internal/infra/env/env.go:15.15,17.3 1 1
github.com/madsilver/task-manager/internal/infra/env/env.go:18.2,18.12 1 1
github.com/madsilver/task-manager/docs/docs.go:446.13,448.2 1 1
github.com/madsilver/task-manager/internal/infra/server/server.go:21.42,25.2 1 0
github.com/madsilver/task-manager/internal/infra/server/server.go:38.26,54.12 13 0
github.com/madsilver/task-manager/internal/infra/server/server.go:54.12,56.80 2 0
github.com/madsilver/task-manager/internal/infra/server/server.go:56.80,58.4 1 0
github.com/madsilver/task-manager/internal/infra/server/server.go:61.2,64.40 4 0
github.com/madsilver/task-manager/internal/infra/server/server.go:64.40,66.3 1 0
github.com/madsilver/task-manager/internal/infra/server/validate.go:18.61,19.38 1 4
github.com/madsilver/task-manager/internal/infra/server/validate.go:19.38,20.64 1 4
github.com/madsilver/task-manager/internal/infra/server/validate.go:20.64,22.4 1 0
github.com/madsilver/task-manager/internal/infra/server/validate.go:23.3,24.17 2 4
github.com/madsilver/task-manager/internal/infra/server/validate.go:24.17,26.4 1 1
github.com/madsilver/task-manager/internal/infra/server/validate.go:27.3,28.17 2 3
github.com/madsilver/task-manager/internal/infra/server/validate.go:28.17,30.4 1 1
github.com/madsilver/task-manager/internal/infra/server/validate.go:31.3,32.17 2 2
github.com/madsilver/task-manager/internal/infra/server/validate.go:32.17,34.4 1 1
github.com/madsilver/task-manager/internal/infra/server/validate.go:35.3,37.19 3 1
github.com/madsilver/task-manager/internal/infra/server/validate.go:41.77,42.54 1 2
github.com/madsilver/task-manager/internal/infra/server/validate.go:42.54,43.39 1 2
github.com/madsilver/task-manager/internal/infra/server/validate.go:43.39,44.31 1 2
github.com/madsilver/task-manager/internal/infra/server/validate.go:44.31,45.37 1 2
github.com/madsilver/task-manager/internal/infra/server/validate.go:45.37,47.6 1 1
github.com/madsilver/task-manager/internal/infra/server/validate.go:49.4,49.86 1 1
github.com/madsilver/task-manager/internal/infra/server/middleware/validator.go:11.41,15.2 1 0
github.com/madsilver/task-manager/internal/infra/server/middleware/validator.go:17.49,19.2 1 0
